#
# A fatal error has been detected by the Java Runtime Environment:
#
#  EXCEPTION_ACCESS_VIOLATION (0xc0000005) at pc=0x00007ff942ee37c7, pid=24712, tid=25160
#
# JRE version: OpenJDK Runtime Environment Temurin-17.0.10+7 (17.0.10+7) (build 17.0.10+7)
# Java VM: OpenJDK 64-Bit Server VM Temurin-17.0.10+7 (17.0.10+7, mixed mode, tiered, compressed oops, compressed class ptrs, parallel gc, windows-amd64)
# Problematic frame:
# V  [jvm.dll+0x2037c7]
#
# No core dump will be written. Minidumps are not enabled by default on client versions of Windows
#
# If you would like to submit a bug report, please visit:
#   https://github.com/adoptium/adoptium-support/issues
#

---------------  S U M M A R Y ------------

Command Line: --add-modules=ALL-SYSTEM --add-opens=java.base/java.util=ALL-UNNAMED --add-opens=java.base/java.lang=ALL-UNNAMED --add-opens=java.base/sun.nio.fs=ALL-UNNAMED -Declipse.application=org.eclipse.jdt.ls.core.id1 -Dosgi.bundles.defaultStartLevel=4 -Declipse.product=org.eclipse.jdt.ls.core.product -Djava.import.generatesMetadataFilesAtProjectRoot=false -DDetectVMInstallationsJob.disabled=true -Dfile.encoding=utf8 -XX:+UseParallelGC -XX:GCTimeRatio=4 -XX:AdaptiveSizePolicyWeight=90 -Dsun.zip.disableMemoryMapping=true -Xmx1G -Xms100m -Xlog:disable -javaagent:c:\Users\pablo\.vscode\extensions\redhat.java-1.28.1-win32-x64\lombok\lombok-1.18.31.jar -XX:+HeapDumpOnOutOfMemoryError -XX:HeapDumpPath=c:\Users\pablo\AppData\Roaming\Code\User\workspaceStorage\571fdb9f72f10f2638a3edc876a88b4f\redhat.java -Daether.dependencyCollector.impl=bf c:\Users\pablo\.vscode\extensions\redhat.java-1.28.1-win32-x64\server\plugins\org.eclipse.equinox.launcher_1.6.700.v20231214-2017.jar -configuration c:\Users\pablo\AppData\Roaming\Code\User\globalStorage\redhat.java\1.28.1\config_win -data c:\Users\pablo\AppData\Roaming\Code\User\workspaceStorage\571fdb9f72f10f2638a3edc876a88b4f\redhat.java\jdt_ws --stdio

Host: Intel(R) Core(TM) i7-8550U CPU @ 1.80GHz, 8 cores, 15G,  Windows 11 , 64 bit Build 22621 (10.0.22621.3085)
Time: Tue Feb 27 09:44:16 2024 Hora estándar romance elapsed time: 3652.413740 seconds (0d 1h 0m 52s)

---------------  T H R E A D  ---------------

Current thread (0x000001d8006c6fd0):  GCTaskThread "GC Thread#4" [stack: 0x0000004454b00000,0x0000004454c00000] [id=25160]

Stack: [0x0000004454b00000,0x0000004454c00000],  sp=0x0000004454bffbd0,  free space=1022k
Native frames: (J=compiled Java code, j=interpreted, Vv=VM code, C=native code)
V  [jvm.dll+0x2037c7]
V  [jvm.dll+0x6ba096]
V  [jvm.dll+0x86226b]
V  [jvm.dll+0x8622b6]
V  [jvm.dll+0x7e3fba]
V  [jvm.dll+0x67c1b5]
C  [ucrtbase.dll+0x29363]
C  [KERNEL32.DLL+0x1257d]
C  [ntdll.dll+0x5aa58]


siginfo: EXCEPTION_ACCESS_VIOLATION (0xc0000005), reading address 0xffffffffffffffff


Registers:
RAX=0xff0d0125ff363042, RBX=0x000001d86f7e4010, RCX=0x000001d86f7e4010, RDX=0x000001d86f7e4000
RSP=0x0000004454bffbd0, RBP=0x000001d863b681c0, RSI=0x0000000000000002, RDI=0x0000004454bffc98
R8 =0x000001d86f7e4010, R9 =0x000001d86f6d0000, R10=0x0000000000003118, R11=0x0000000000000000
R12=0x0000000000000000, R13=0x0000000000000006, R14=0x0000000000000010, R15=0x0000000000000000
RIP=0x00007ff942ee37c7, EFLAGS=0x0000000000010202


Register to memory mapping:

RIP=0x00007ff942ee37c7 jvm.dll
RAX=0xff0d0125ff363042 is an unknown value
RBX=
[error occurred during error reporting (printing register info), id 0xc0000005, EXCEPTION_ACCESS_VIOLATION (0xc0000005) at pc=0x00007ff942ee0089]

Top of Stack: (sp=0x0000004454bffbd0)
0x0000004454bffbd0:   000001d86f7e3d10 0000000000000002
0x0000004454bffbe0:   0000000880fc0d01 0000069de02b7c91
0x0000004454bffbf0:   0000004453bfefc0 00007ff94339a096
0x0000004454bffc00:   000000000000000f 0000000000000000
0x0000004454bffc10:   0000004454bffcd9 0000004453bff1f8
0x0000004454bffc20:   000000000000000e 00007ff942fb9706
0x0000004454bffc30:   0000000f00000006 00007ff9436918e8
0x0000004454bffc40:   0000000000000000 000001d879acf600
0x0000004454bffc50:   00007ff943636be0 0000004453bfefc0
0x0000004454bffc60:   000000000000001f 0000000000000110
0x0000004454bffc70:   0000004453bff1f8 0000000000000000
0x0000004454bffc80:   000000060000000e 0000000880fc0d01
0x0000004454bffc90:   0000069de02b7c91 00007ff943632c50
0x0000004454bffca0:   0000004454bffc38 0000000000000001
0x0000004454bffcb0:   0000000000000000 0000000000000000
0x0000004454bffcc0:   0000000000000000 0000000880f7a276
0x0000004454bffcd0:   0000000000000048 0000000000000000
0x0000004454bffce0:   0000000000000000 0000000000000000
0x0000004454bffcf0:   0000ff7cbe987e1f 0000000000000000
0x0000004454bffd00:   0000000000000000 000001d8006c6fd0
0x0000004454bffd10:   0000000000000000 0000000000000000
0x0000004454bffd20:   0000004453bfefc0 000001d8006c6fd0
0x0000004454bffd30:   0000000000000000 00007ff94354226b
0x0000004454bffd40:   0000000000000007 0000000000000000
0x0000004454bffd50:   0000000000000007 0000004453bfefc0
0x0000004454bffd60:   00000000000075a3 00007ff9435422b6
0x0000004454bffd70:   000001d8006c6fd0 00000044ffffffff
0x0000004454bffd80:   000001d863d2d0c0 0000000000000000
0x0000004454bffd90:   000001d8006c6fd0 00007ff9434c3fba
0x0000004454bffda0:   0000000000000000 00000000000075a3
0x0000004454bffdb0:   000001d8006c6fd0 00007ff9baeb44ab
0x0000004454bffdc0:   0000000000000000 0000000000000000 

Instructions: (pc=0x00007ff942ee37c7)
0x00007ff942ee36c7:   81 44 01 00 00 c3 cc cc cc 48 89 6c 24 18 48 89
0x00007ff942ee36d7:   7c 24 20 41 56 48 83 ec 20 48 8b 2d 49 53 97 00
0x00007ff942ee36e7:   33 ff 4c 8b f1 39 7d 00 74 66 48 89 5c 24 30 48
0x00007ff942ee36f7:   89 74 24 38 0f 1f 44 00 00 48 63 c7 48 8d 34 c5
0x00007ff942ee3707:   00 00 00 00 48 8b 45 08 48 8b 0c 06 48 8b 01 ff
0x00007ff942ee3717:   50 10 48 8b d8 48 85 c0 74 1f 48 8b cb 41 ff d6
0x00007ff942ee3727:   48 8b 45 08 48 8b d3 48 8b 0c 06 48 8b 01 ff 50
0x00007ff942ee3737:   18 48 8b d8 48 85 c0 75 e1 48 8b 05 e9 52 97 00
0x00007ff942ee3747:   ff c7 3b 38 75 b3 48 8b 74 24 38 48 8b 5c 24 30
0x00007ff942ee3757:   48 8b 6c 24 40 48 8b 7c 24 48 48 83 c4 20 41 5e
0x00007ff942ee3767:   c3 cc cc cc cc cc cc cc cc 48 89 6c 24 18 48 89
0x00007ff942ee3777:   74 24 20 57 48 83 ec 20 48 8b 2d c2 52 97 00 33
0x00007ff942ee3787:   f6 48 8b f9 39 75 00 74 7c 48 89 5c 24 30 4c 89
0x00007ff942ee3797:   74 24 38 66 0f 1f 44 00 00 48 63 c6 4c 8d 34 c5
0x00007ff942ee37a7:   00 00 00 00 48 8b 45 08 49 8b 0c 06 48 8b 01 ff
0x00007ff942ee37b7:   50 10 48 8b d8 48 85 c0 74 34 48 8b 03 48 8b cb
0x00007ff942ee37c7:   ff 90 88 00 00 00 84 c0 74 0b 48 8b 07 48 8b d3
0x00007ff942ee37d7:   48 8b cf ff 10 48 8b 45 08 48 8b d3 49 8b 0c 06
0x00007ff942ee37e7:   48 8b 01 ff 50 18 48 8b d8 48 85 c0 75 cc 48 8b
0x00007ff942ee37f7:   05 4c 52 97 00 ff c6 3b 30 75 9e 4c 8b 74 24 38
0x00007ff942ee3807:   48 8b 5c 24 30 48 8b 6c 24 40 48 8b 74 24 48 48
0x00007ff942ee3817:   83 c4 20 5f c3 cc cc cc cc 48 89 5c 24 08 48 89
0x00007ff942ee3827:   74 24 10 57 48 83 ec 20 48 8b 35 12 52 97 00 33
0x00007ff942ee3837:   db 8b fb 39 1e 74 22 66 90 48 8b 4e 08 48 63 d7
0x00007ff942ee3847:   48 8b 0c d1 e8 10 df 14 00 48 8b 0d f1 51 97 00
0x00007ff942ee3857:   48 03 d8 ff c7 3b 39 75 e0 48 8b 74 24 38 48 8b
0x00007ff942ee3867:   c3 48 8b 5c 24 30 48 83 c4 20 5f c3 cc cc cc cc
0x00007ff942ee3877:   cc cc cc cc cc cc cc cc cc 4c 8b dc 49 89 5b 08
0x00007ff942ee3887:   49 89 6b 10 49 89 73 18 49 89 7b 20 41 56 48 83
0x00007ff942ee3897:   ec 60 48 8b 05 a0 51 97 00 45 33 f6 33 f6 33 ed
0x00007ff942ee38a7:   48 85 c0 74 36 49 89 43 b8 33 ff 89 74 24 28 0f
0x00007ff942ee38b7:   10 44 24 20 49 89 43 b8 8b 00 0f 11 44 24 38 8b 


Stack slot to memory mapping:
stack at sp + 0 slots: 
[error occurred during error reporting (inspecting top of stack), id 0xc0000005, EXCEPTION_ACCESS_VIOLATION (0xc0000005) at pc=0x00007ff942ee405e]


---------------  P R O C E S S  ---------------

Threads class SMR info:
_java_thread_list=0x000001d802238660, length=35, elements={
0x000001d863d30730, 0x000001d879b09020, 0x000001d879b0a310, 0x000001d87ec3f640,
0x000001d863ddc370, 0x000001d863ddde00, 0x000001d87ec24af0, 0x000001d87ec274b0,
0x000001d87ec2c3a0, 0x000001d87ec2d060, 0x000001d863d94890, 0x000001d87ef5e470,
0x000001d800156d20, 0x000001d8001553d0, 0x000001d800157c50, 0x000001d800155df0,
0x000001d8001558e0, 0x000001d8001544a0, 0x000001d800601e50, 0x000001d800600a10,
0x000001d8005fe6a0, 0x000001d8006037a0, 0x000001d800600f20, 0x000001d800605600,
0x000001d800156300, 0x000001d800156810, 0x000001d801c9be40, 0x000001d801c96d40,
0x000001d801c9a4f0, 0x000001d801c97250, 0x000001d801c990b0, 0x000001d801c99ad0,
0x000001d801c9aa00, 0x000001d801c9af10, 0x000001d801c94ee0
}

Java Threads: ( => current thread )
  0x000001d863d30730 JavaThread "main" [_thread_blocked, id=1252, stack(0x0000004453900000,0x0000004453a00000)]
  0x000001d879b09020 JavaThread "Reference Handler" daemon [_thread_blocked, id=15168, stack(0x0000004453c00000,0x0000004453d00000)]
  0x000001d879b0a310 JavaThread "Finalizer" daemon [_thread_blocked, id=11752, stack(0x0000004453d00000,0x0000004453e00000)]
  0x000001d87ec3f640 JavaThread "Signal Dispatcher" daemon [_thread_blocked, id=14528, stack(0x0000004453e00000,0x0000004453f00000)]
  0x000001d863ddc370 JavaThread "Attach Listener" daemon [_thread_blocked, id=24036, stack(0x0000004453f00000,0x0000004454000000)]
  0x000001d863ddde00 JavaThread "Service Thread" daemon [_thread_blocked, id=2004, stack(0x0000004454000000,0x0000004454100000)]
  0x000001d87ec24af0 JavaThread "Monitor Deflation Thread" daemon [_thread_blocked, id=32712, stack(0x0000004454100000,0x0000004454200000)]
  0x000001d87ec274b0 JavaThread "C2 CompilerThread0" daemon [_thread_blocked, id=11944, stack(0x0000004454200000,0x0000004454300000)]
  0x000001d87ec2c3a0 JavaThread "C1 CompilerThread0" daemon [_thread_blocked, id=20112, stack(0x0000004454300000,0x0000004454400000)]
  0x000001d87ec2d060 JavaThread "Sweeper thread" daemon [_thread_blocked, id=5756, stack(0x0000004454400000,0x0000004454500000)]
  0x000001d863d94890 JavaThread "Common-Cleaner" daemon [_thread_blocked, id=22256, stack(0x0000004454500000,0x0000004454600000)]
  0x000001d87ef5e470 JavaThread "Notification Thread" daemon [_thread_blocked, id=27212, stack(0x0000004454600000,0x0000004454700000)]
  0x000001d800156d20 JavaThread "Active Thread: Equinox Container: 774cbb86-2b68-4b6d-b0c7-fe21289155dc" [_thread_blocked, id=27360, stack(0x0000004454f00000,0x0000004455000000)]
  0x000001d8001553d0 JavaThread "Framework Event Dispatcher: Equinox Container: 774cbb86-2b68-4b6d-b0c7-fe21289155dc" daemon [_thread_blocked, id=4600, stack(0x0000004454e00000,0x0000004454f00000)]
  0x000001d800157c50 JavaThread "Start Level: Equinox Container: 774cbb86-2b68-4b6d-b0c7-fe21289155dc" daemon [_thread_blocked, id=4144, stack(0x0000004455000000,0x0000004455100000)]
  0x000001d800155df0 JavaThread "Bundle File Closer" daemon [_thread_blocked, id=21384, stack(0x0000004455200000,0x0000004455300000)]
  0x000001d8001558e0 JavaThread "SCR Component Actor" daemon [_thread_blocked, id=25016, stack(0x0000004455300000,0x0000004455400000)]
  0x000001d8001544a0 JavaThread "Worker-JM" [_thread_blocked, id=31100, stack(0x0000004455500000,0x0000004455600000)]
  0x000001d800601e50 JavaThread "Java indexing" daemon [_thread_blocked, id=15880, stack(0x0000004455a00000,0x0000004455b00000)]
  0x000001d800600a10 JavaThread "JNA Cleaner" daemon [_thread_blocked, id=20016, stack(0x0000004455d00000,0x0000004455e00000)]
  0x000001d8005fe6a0 JavaThread "pool-2-thread-1" [_thread_blocked, id=25384, stack(0x0000004455e00000,0x0000004455f00000)]
  0x000001d8006037a0 JavaThread "WorkspaceEventsHandler" [_thread_blocked, id=12004, stack(0x0000004455f00000,0x0000004456000000)]
  0x000001d800600f20 JavaThread "pool-1-thread-1" [_thread_in_native, id=19196, stack(0x0000004456000000,0x0000004456100000)]
  0x000001d800605600 JavaThread "Java Debug Server" daemon [_thread_in_native, id=29452, stack(0x0000004455c00000,0x0000004455d00000)]
  0x000001d800156300 JavaThread "RxSchedulerPurge-1" daemon [_thread_blocked, id=34204, stack(0x0000004456600000,0x0000004456700000)]
  0x000001d800156810 JavaThread "RxCachedWorkerPoolEvictor-1" daemon [_thread_blocked, id=4980, stack(0x0000004456800000,0x0000004456900000)]
  0x000001d801c9be40 JavaThread "Worker-19" [_thread_blocked, id=26664, stack(0x0000004455b00000,0x0000004455c00000)]
  0x000001d801c96d40 JavaThread "ForkJoinPool.commonPool-worker-28" daemon [_thread_blocked, id=9080, stack(0x0000004453600000,0x0000004453700000)]
  0x000001d801c9a4f0 JavaThread "ForkJoinPool.commonPool-worker-29" daemon [_thread_blocked, id=27856, stack(0x0000004453700000,0x0000004453800000)]
  0x000001d801c97250 JavaThread "ForkJoinPool.commonPool-worker-30" daemon [_thread_blocked, id=24884, stack(0x0000004453800000,0x0000004453900000)]
  0x000001d801c990b0 JavaThread "Worker-20" [_thread_blocked, id=17848, stack(0x0000004455400000,0x0000004455500000)]
  0x000001d801c99ad0 JavaThread "ForkJoinPool.commonPool-worker-31" daemon [_thread_blocked, id=15584, stack(0x0000004455600000,0x0000004455700000)]
  0x000001d801c9aa00 JavaThread "ForkJoinPool.commonPool-worker-32" daemon [_thread_blocked, id=25512, stack(0x0000004455700000,0x0000004455800000)]
  0x000001d801c9af10 JavaThread "ForkJoinPool.commonPool-worker-33" daemon [_thread_blocked, id=32052, stack(0x0000004455800000,0x0000004455900000)]
  0x000001d801c94ee0 JavaThread "ForkJoinPool.commonPool-worker-34" daemon [_thread_blocked, id=22288, stack(0x0000004455900000,0x0000004455a00000)]

Other Threads:
  0x000001d863dd7c00 VMThread "VM Thread" [stack: 0x0000004453b00000,0x0000004453c00000] [id=22672]
  0x000001d87ef5e950 WatcherThread [stack: 0x0000004454700000,0x0000004454800000] [id=9376]
  0x000001d863d44870 GCTaskThread "GC Thread#0" [stack: 0x0000004453a00000,0x0000004453b00000] [id=15456]
  0x000001d8003e34a0 GCTaskThread "GC Thread#1" [stack: 0x0000004454800000,0x0000004454900000] [id=20812]
  0x000001d8000efef0 GCTaskThread "GC Thread#2" [stack: 0x0000004454900000,0x0000004454a00000] [id=17796]
  0x000001d8006c6d10 GCTaskThread "GC Thread#3" [stack: 0x0000004454a00000,0x0000004454b00000] [id=31740]
=>0x000001d8006c6fd0 GCTaskThread "GC Thread#4" [stack: 0x0000004454b00000,0x0000004454c00000] [id=25160]
  0x000001d8006c7290 GCTaskThread "GC Thread#5" [stack: 0x0000004454c00000,0x0000004454d00000] [id=13504]
  0x000001d8006c7550 GCTaskThread "GC Thread#6" [stack: 0x0000004454d00000,0x0000004454e00000] [id=23076]
  0x000001d8005eb030 GCTaskThread "GC Thread#7" [stack: 0x0000004455100000,0x0000004455200000] [id=4368]

Threads with active compile tasks:

VM state: at safepoint (normal execution)

VM Mutex/Monitor currently owned by a thread:  ([mutex/lock_event])
[0x000001d863d2c100] Threads_lock - owner thread: 0x000001d863dd7c00
[0x000001d863d2bf50] Heap_lock - owner thread: 0x000001d801c96d40

Heap address: 0x00000000c0000000, size: 1024 MB, Compressed Oops mode: 32-bit

CDS archive(s) not mapped
Compressed class space mapped at: 0x0000000100000000-0x0000000140000000, reserved size: 1073741824
Narrow klass base: 0x0000000000000000, Narrow klass shift: 3, Narrow klass range: 0x140000000

GC Precious Log:
 CPUs: 8 total, 8 available
 Memory: 16264M
 Large Page Support: Disabled
 NUMA Support: Disabled
 Compressed Oops: Enabled (32-bit)
 Alignments: Space 512K, Generation 512K, Heap 2M
 Heap Min Capacity: 100M
 Heap Initial Capacity: 100M
 Heap Max Capacity: 1G
 Pre-touch: Disabled
 Parallel Workers: 8

Heap:
 PSYoungGen      total 3072K, used 512K [0x00000000eab00000, 0x00000000eb800000, 0x0000000100000000)
  eden space 2560K, 0% used [0x00000000eab00000,0x00000000eab00000,0x00000000ead80000)
  from space 512K, 100% used [0x00000000eb200000,0x00000000eb280000,0x00000000eb280000)
  to   space 4608K, 0% used [0x00000000ead80000,0x00000000ead80000,0x00000000eb200000)
 ParOldGen       total 129024K, used 126150K [0x00000000c0000000, 0x00000000c7e00000, 0x00000000eab00000)
  object space 129024K, 97% used [0x00000000c0000000,0x00000000c7b31ba0,0x00000000c7e00000)
 Metaspace       used 91712K, committed 92928K, reserved 1179648K
  class space    used 9436K, committed 9984K, reserved 1048576K

Card table byte_map: [0x000001d877380000,0x000001d877590000] _byte_map_base: 0x000001d876d80000

Marking Bits: (ParMarkBitMap*) 0x00007ff94387d7d0
 Begin Bits: [0x000001d8776f0000, 0x000001d8786f0000)
 End Bits:   [0x000001d8786f0000, 0x000001d8796f0000)

Polling page: 0x000001d863de0000

Metaspace:

Usage:
  Non-class:     80.35 MB used.
      Class:      9.21 MB used.
       Both:     89.56 MB used.

Virtual space:
  Non-class space:      128.00 MB reserved,      81.00 MB ( 63%) committed,  2 nodes.
      Class space:        1.00 GB reserved,       9.75 MB ( <1%) committed,  1 nodes.
             Both:        1.12 GB reserved,      90.75 MB (  8%) committed. 

Chunk freelists:
   Non-Class:  14.70 MB
       Class:  6.30 MB
        Both:  21.00 MB

MaxMetaspaceSize: unlimited
CompressedClassSpaceSize: 1.00 GB
Initial GC threshold: 21.00 MB
Current GC threshold: 150.56 MB
CDS: off
MetaspaceReclaimPolicy: balanced
 - commit_granule_bytes: 65536.
 - commit_granule_words: 8192.
 - virtual_space_node_default_size: 8388608.
 - enlarge_chunks_in_place: 1.
 - new_chunks_are_fully_committed: 0.
 - uncommit_free_chunks: 1.
 - use_allocation_guard: 0.
 - handle_deallocations: 1.


Internal statistics:

num_allocs_failed_limit: 9.
num_arena_births: 946.
num_arena_deaths: 296.
num_vsnodes_births: 3.
num_vsnodes_deaths: 0.
num_space_committed: 1452.
num_space_uncommitted: 0.
num_chunks_returned_to_freelist: 348.
num_chunks_taken_from_freelist: 4961.
num_chunk_merges: 130.
num_chunk_splits: 2921.
num_chunks_enlarged: 1609.
num_inconsistent_stats: 0.

CodeHeap 'non-profiled nmethods': size=120000Kb used=16546Kb max_used=16546Kb free=103453Kb
 bounds [0x000001d86fc70000, 0x000001d870ca0000, 0x000001d8771a0000]
CodeHeap 'profiled nmethods': size=120000Kb used=33943Kb max_used=33943Kb free=86056Kb
 bounds [0x000001d8681a0000, 0x000001d86a2d0000, 0x000001d86f6d0000]
CodeHeap 'non-nmethods': size=5760Kb used=1442Kb max_used=1541Kb free=4317Kb
 bounds [0x000001d86f6d0000, 0x000001d86f940000, 0x000001d86fc70000]
 total_blobs=15969 nmethods=15173 adapters=704
 compilation: enabled
              stopped_count=0, restarted_count=0
 full_count=0

Compilation events (20 events):
Event: 3652.250 Thread 0x000001d87ec274b0 19794       4       jdk.internal.org.objectweb.asm.MethodWriter::visitInsn (115 bytes)
Event: 3652.256 Thread 0x000001d87ec274b0 nmethod 19794 0x000001d870c95e90 code [0x000001d870c96040, 0x000001d870c96458]
Event: 3652.256 Thread 0x000001d87ec274b0 19796       4       java.nio.file.Path::of (119 bytes)
Event: 3652.265 Thread 0x000001d87ec2c3a0 19797       3       org.lombokweb.asm.MethodWriter::visitIincInsn (135 bytes)
Event: 3652.265 Thread 0x000001d87ec274b0 nmethod 19796 0x000001d870c96790 code [0x000001d870c96960, 0x000001d870c97248]
Event: 3652.265 Thread 0x000001d87ec274b0 19795       4       java.nio.file.Paths::get (5 bytes)
Event: 3652.266 Thread 0x000001d87ec2c3a0 nmethod 19797 0x000001d869f2fb90 code [0x000001d869f2fda0, 0x000001d869f30318]
Event: 3652.277 Thread 0x000001d87ec274b0 nmethod 19795 0x000001d870c97910 code [0x000001d870c97ae0, 0x000001d870c983c8]
Event: 3652.288 Thread 0x000001d87ec2c3a0 19798       3       java.lang.invoke.BoundMethodHandle::speciesDataFor (32 bytes)
Event: 3652.288 Thread 0x000001d87ec2c3a0 nmethod 19798 0x000001d869f2f510 code [0x000001d869f2f6c0, 0x000001d869f2fa38]
Event: 3652.288 Thread 0x000001d87ec2c3a0 19799       3       java.lang.invoke.LambdaFormEditor::oldSpeciesData (8 bytes)
Event: 3652.288 Thread 0x000001d87ec2c3a0 nmethod 19799 0x000001d869f2ee10 code [0x000001d869f2efe0, 0x000001d869f2f3d8]
Event: 3652.289 Thread 0x000001d87ec2c3a0 19800       3       java.lang.invoke.LambdaFormBuffer::insertExpression (30 bytes)
Event: 3652.289 Thread 0x000001d87ec2c3a0 nmethod 19800 0x000001d869f2ea10 code [0x000001d869f2ebc0, 0x000001d869f2ed28]
Event: 3652.292 Thread 0x000001d87ec2c3a0 19801       3       lombok.core.configuration.ConfigurationFile::forDirectory (14 bytes)
Event: 3652.292 Thread 0x000001d87ec2c3a0 nmethod 19801 0x000001d869f2e190 code [0x000001d869f2e360, 0x000001d869f2e7c8]
Event: 3652.292 Thread 0x000001d87ec2c3a0 19802       3       lombok.core.configuration.ConfigurationFile::forFile (10 bytes)
Event: 3652.292 Thread 0x000001d87ec2c3a0 nmethod 19802 0x000001d86a2cd510 code [0x000001d86a2cd6c0, 0x000001d86a2cda38]
Event: 3652.292 Thread 0x000001d87ec2c3a0 19803       3       lombok.core.configuration.ConfigurationFile$RegularConfigurationFile::<init> (6 bytes)
Event: 3652.292 Thread 0x000001d87ec2c3a0 nmethod 19803 0x000001d86a2cdc10 code [0x000001d86a2cddc0, 0x000001d86a2ce098]

GC Heap History (20 events):
Event: 3546.682 GC heap after
{Heap after GC invocations=2582 (full 66):
 PSYoungGen      total 5120K, used 920K [0x00000000eab00000, 0x00000000eb200000, 0x0000000100000000)
  eden space 4096K, 0% used [0x00000000eab00000,0x00000000eab00000,0x00000000eaf00000)
  from space 1024K, 89% used [0x00000000eaf80000,0x00000000eb066000,0x00000000eb080000)
  to   space 1536K, 0% used [0x00000000eb080000,0x00000000eb080000,0x00000000eb200000)
 ParOldGen       total 129024K, used 114950K [0x00000000c0000000, 0x00000000c7e00000, 0x00000000eab00000)
  object space 129024K, 89% used [0x00000000c0000000,0x00000000c70418d0,0x00000000c7e00000)
 Metaspace       used 91273K, committed 92480K, reserved 1179648K
  class space    used 9393K, committed 9984K, reserved 1048576K
}
Event: 3546.702 GC heap before
{Heap before GC invocations=2583 (full 66):
 PSYoungGen      total 5120K, used 5015K [0x00000000eab00000, 0x00000000eb200000, 0x0000000100000000)
  eden space 4096K, 99% used [0x00000000eab00000,0x00000000eaeffef8,0x00000000eaf00000)
  from space 1024K, 89% used [0x00000000eaf80000,0x00000000eb066000,0x00000000eb080000)
  to   space 1536K, 0% used [0x00000000eb080000,0x00000000eb080000,0x00000000eb200000)
 ParOldGen       total 129024K, used 114950K [0x00000000c0000000, 0x00000000c7e00000, 0x00000000eab00000)
  object space 129024K, 89% used [0x00000000c0000000,0x00000000c70418d0,0x00000000c7e00000)
 Metaspace       used 91288K, committed 92480K, reserved 1179648K
  class space    used 9393K, committed 9984K, reserved 1048576K
}
Event: 3546.704 GC heap after
{Heap after GC invocations=2583 (full 66):
 PSYoungGen      total 5632K, used 1376K [0x00000000eab00000, 0x00000000eb200000, 0x0000000100000000)
  eden space 4096K, 0% used [0x00000000eab00000,0x00000000eab00000,0x00000000eaf00000)
  from space 1536K, 89% used [0x00000000eb080000,0x00000000eb1d8000,0x00000000eb200000)
  to   space 1536K, 0% used [0x00000000eaf00000,0x00000000eaf00000,0x00000000eb080000)
 ParOldGen       total 129024K, used 115478K [0x00000000c0000000, 0x00000000c7e00000, 0x00000000eab00000)
  object space 129024K, 89% used [0x00000000c0000000,0x00000000c70c58d0,0x00000000c7e00000)
 Metaspace       used 91288K, committed 92480K, reserved 1179648K
  class space    used 9393K, committed 9984K, reserved 1048576K
}
Event: 3546.758 GC heap before
{Heap before GC invocations=2584 (full 66):
 PSYoungGen      total 5632K, used 5472K [0x00000000eab00000, 0x00000000eb200000, 0x0000000100000000)
  eden space 4096K, 100% used [0x00000000eab00000,0x00000000eaf00000,0x00000000eaf00000)
  from space 1536K, 89% used [0x00000000eb080000,0x00000000eb1d8000,0x00000000eb200000)
  to   space 1536K, 0% used [0x00000000eaf00000,0x00000000eaf00000,0x00000000eb080000)
 ParOldGen       total 129024K, used 115478K [0x00000000c0000000, 0x00000000c7e00000, 0x00000000eab00000)
  object space 129024K, 89% used [0x00000000c0000000,0x00000000c70c58d0,0x00000000c7e00000)
 Metaspace       used 91288K, committed 92480K, reserved 1179648K
  class space    used 9393K, committed 9984K, reserved 1048576K
}
Event: 3546.759 GC heap after
{Heap after GC invocations=2584 (full 66):
 PSYoungGen      total 5632K, used 1522K [0x00000000eab00000, 0x00000000eb800000, 0x0000000100000000)
  eden space 4096K, 0% used [0x00000000eab00000,0x00000000eab00000,0x00000000eaf00000)
  from space 1536K, 99% used [0x00000000eaf00000,0x00000000eb07cb10,0x00000000eb080000)
  to   space 4608K, 0% used [0x00000000eb380000,0x00000000eb380000,0x00000000eb800000)
 ParOldGen       total 129024K, used 117654K [0x00000000c0000000, 0x00000000c7e00000, 0x00000000eab00000)
  object space 129024K, 91% used [0x00000000c0000000,0x00000000c72e58d0,0x00000000c7e00000)
 Metaspace       used 91288K, committed 92480K, reserved 1179648K
  class space    used 9393K, committed 9984K, reserved 1048576K
}
Event: 3547.380 GC heap before
{Heap before GC invocations=2585 (full 66):
 PSYoungGen      total 5632K, used 5618K [0x00000000eab00000, 0x00000000eb800000, 0x0000000100000000)
  eden space 4096K, 100% used [0x00000000eab00000,0x00000000eaf00000,0x00000000eaf00000)
  from space 1536K, 99% used [0x00000000eaf00000,0x00000000eb07cb10,0x00000000eb080000)
  to   space 4608K, 0% used [0x00000000eb380000,0x00000000eb380000,0x00000000eb800000)
 ParOldGen       total 129024K, used 117654K [0x00000000c0000000, 0x00000000c7e00000, 0x00000000eab00000)
  object space 129024K, 91% used [0x00000000c0000000,0x00000000c72e58d0,0x00000000c7e00000)
 Metaspace       used 91288K, committed 92480K, reserved 1179648K
  class space    used 9393K, committed 9984K, reserved 1048576K
}
Event: 3547.383 GC heap after
{Heap after GC invocations=2585 (full 66):
 PSYoungGen      total 7168K, used 2816K [0x00000000eab00000, 0x00000000eb680000, 0x0000000100000000)
  eden space 4096K, 0% used [0x00000000eab00000,0x00000000eab00000,0x00000000eaf00000)
  from space 3072K, 91% used [0x00000000eb380000,0x00000000eb640000,0x00000000eb680000)
  to   space 3584K, 0% used [0x00000000eaf80000,0x00000000eaf80000,0x00000000eb300000)
 ParOldGen       total 129024K, used 119184K [0x00000000c0000000, 0x00000000c7e00000, 0x00000000eab00000)
  object space 129024K, 92% used [0x00000000c0000000,0x00000000c74643e0,0x00000000c7e00000)
 Metaspace       used 91288K, committed 92480K, reserved 1179648K
  class space    used 9393K, committed 9984K, reserved 1048576K
}
Event: 3552.160 GC heap before
{Heap before GC invocations=2586 (full 66):
 PSYoungGen      total 7168K, used 6912K [0x00000000eab00000, 0x00000000eb680000, 0x0000000100000000)
  eden space 4096K, 100% used [0x00000000eab00000,0x00000000eaf00000,0x00000000eaf00000)
  from space 3072K, 91% used [0x00000000eb380000,0x00000000eb640000,0x00000000eb680000)
  to   space 3584K, 0% used [0x00000000eaf80000,0x00000000eaf80000,0x00000000eb300000)
 ParOldGen       total 129024K, used 119184K [0x00000000c0000000, 0x00000000c7e00000, 0x00000000eab00000)
  object space 129024K, 92% used [0x00000000c0000000,0x00000000c74643e0,0x00000000c7e00000)
 Metaspace       used 91288K, committed 92480K, reserved 1179648K
  class space    used 9393K, committed 9984K, reserved 1048576K
}
Event: 3552.163 GC heap after
{Heap after GC invocations=2586 (full 66):
 PSYoungGen      total 4608K, used 224K [0x00000000eab00000, 0x00000000eb400000, 0x0000000100000000)
  eden space 4096K, 0% used [0x00000000eab00000,0x00000000eab00000,0x00000000eaf00000)
  from space 512K, 43% used [0x00000000eaf80000,0x00000000eafb8000,0x00000000eb000000)
  to   space 1536K, 0% used [0x00000000eb280000,0x00000000eb280000,0x00000000eb400000)
 ParOldGen       total 129024K, used 121848K [0x00000000c0000000, 0x00000000c7e00000, 0x00000000eab00000)
  object space 129024K, 94% used [0x00000000c0000000,0x00000000c76fe3e0,0x00000000c7e00000)
 Metaspace       used 91288K, committed 92480K, reserved 1179648K
  class space    used 9393K, committed 9984K, reserved 1048576K
}
Event: 3639.037 GC heap before
{Heap before GC invocations=2587 (full 66):
 PSYoungGen      total 4608K, used 4320K [0x00000000eab00000, 0x00000000eb400000, 0x0000000100000000)
  eden space 4096K, 100% used [0x00000000eab00000,0x00000000eaf00000,0x00000000eaf00000)
  from space 512K, 43% used [0x00000000eaf80000,0x00000000eafb8000,0x00000000eb000000)
  to   space 1536K, 0% used [0x00000000eb280000,0x00000000eb280000,0x00000000eb400000)
 ParOldGen       total 129024K, used 121848K [0x00000000c0000000, 0x00000000c7e00000, 0x00000000eab00000)
  object space 129024K, 94% used [0x00000000c0000000,0x00000000c76fe3e0,0x00000000c7e00000)
 Metaspace       used 91288K, committed 92480K, reserved 1179648K
  class space    used 9393K, committed 9984K, reserved 1048576K
}
Event: 3639.039 GC heap after
{Heap after GC invocations=2587 (full 66):
 PSYoungGen      total 4608K, used 192K [0x00000000eab00000, 0x00000000eb300000, 0x0000000100000000)
  eden space 4096K, 0% used [0x00000000eab00000,0x00000000eab00000,0x00000000eaf00000)
  from space 512K, 37% used [0x00000000eb280000,0x00000000eb2b0000,0x00000000eb300000)
  to   space 512K, 0% used [0x00000000eaf80000,0x00000000eaf80000,0x00000000eb000000)
 ParOldGen       total 129024K, used 121864K [0x00000000c0000000, 0x00000000c7e00000, 0x00000000eab00000)
  object space 129024K, 94% used [0x00000000c0000000,0x00000000c77023e0,0x00000000c7e00000)
 Metaspace       used 91288K, committed 92480K, reserved 1179648K
  class space    used 9393K, committed 9984K, reserved 1048576K
}
Event: 3639.455 GC heap before
{Heap before GC invocations=2588 (full 66):
 PSYoungGen      total 4608K, used 4288K [0x00000000eab00000, 0x00000000eb300000, 0x0000000100000000)
  eden space 4096K, 100% used [0x00000000eab00000,0x00000000eaf00000,0x00000000eaf00000)
  from space 512K, 37% used [0x00000000eb280000,0x00000000eb2b0000,0x00000000eb300000)
  to   space 512K, 0% used [0x00000000eaf80000,0x00000000eaf80000,0x00000000eb000000)
 ParOldGen       total 129024K, used 121864K [0x00000000c0000000, 0x00000000c7e00000, 0x00000000eab00000)
  object space 129024K, 94% used [0x00000000c0000000,0x00000000c77023e0,0x00000000c7e00000)
 Metaspace       used 91290K, committed 92480K, reserved 1179648K
  class space    used 9393K, committed 9984K, reserved 1048576K
}
Event: 3639.455 GC heap after
{Heap after GC invocations=2588 (full 66):
 PSYoungGen      total 4608K, used 480K [0x00000000eab00000, 0x00000000eb300000, 0x0000000100000000)
  eden space 4096K, 0% used [0x00000000eab00000,0x00000000eab00000,0x00000000eaf00000)
  from space 512K, 93% used [0x00000000eaf80000,0x00000000eaff8040,0x00000000eb000000)
  to   space 1024K, 0% used [0x00000000eb200000,0x00000000eb200000,0x00000000eb300000)
 ParOldGen       total 129024K, used 122024K [0x00000000c0000000, 0x00000000c7e00000, 0x00000000eab00000)
  object space 129024K, 94% used [0x00000000c0000000,0x00000000c772a3e0,0x00000000c7e00000)
 Metaspace       used 91290K, committed 92480K, reserved 1179648K
  class space    used 9393K, committed 9984K, reserved 1048576K
}
Event: 3652.246 GC heap before
{Heap before GC invocations=2589 (full 66):
 PSYoungGen      total 4608K, used 4569K [0x00000000eab00000, 0x00000000eb300000, 0x0000000100000000)
  eden space 4096K, 99% used [0x00000000eab00000,0x00000000eaefe4f0,0x00000000eaf00000)
  from space 512K, 93% used [0x00000000eaf80000,0x00000000eaff8040,0x00000000eb000000)
  to   space 1024K, 0% used [0x00000000eb200000,0x00000000eb200000,0x00000000eb300000)
 ParOldGen       total 129024K, used 122024K [0x00000000c0000000, 0x00000000c7e00000, 0x00000000eab00000)
  object space 129024K, 94% used [0x00000000c0000000,0x00000000c772a3e0,0x00000000c7e00000)
 Metaspace       used 91295K, committed 92480K, reserved 1179648K
  class space    used 9394K, committed 9984K, reserved 1048576K
}
Event: 3652.246 GC heap after
{Heap after GC invocations=2589 (full 66):
 PSYoungGen      total 4608K, used 320K [0x00000000eab00000, 0x00000000eb280000, 0x0000000100000000)
  eden space 4096K, 0% used [0x00000000eab00000,0x00000000eab00000,0x00000000eaf00000)
  from space 512K, 62% used [0x00000000eb200000,0x00000000eb250000,0x00000000eb280000)
  to   space 512K, 0% used [0x00000000eaf80000,0x00000000eaf80000,0x00000000eb000000)
 ParOldGen       total 129024K, used 122547K [0x00000000c0000000, 0x00000000c7e00000, 0x00000000eab00000)
  object space 129024K, 94% used [0x00000000c0000000,0x00000000c77acd40,0x00000000c7e00000)
 Metaspace       used 91295K, committed 92480K, reserved 1179648K
  class space    used 9394K, committed 9984K, reserved 1048576K
}
Event: 3652.290 GC heap before
{Heap before GC invocations=2590 (full 66):
 PSYoungGen      total 4608K, used 4416K [0x00000000eab00000, 0x00000000eb280000, 0x0000000100000000)
  eden space 4096K, 100% used [0x00000000eab00000,0x00000000eaf00000,0x00000000eaf00000)
  from space 512K, 62% used [0x00000000eb200000,0x00000000eb250000,0x00000000eb280000)
  to   space 512K, 0% used [0x00000000eaf80000,0x00000000eaf80000,0x00000000eb000000)
 ParOldGen       total 129024K, used 122547K [0x00000000c0000000, 0x00000000c7e00000, 0x00000000eab00000)
  object space 129024K, 94% used [0x00000000c0000000,0x00000000c77acd40,0x00000000c7e00000)
 Metaspace       used 91682K, committed 92928K, reserved 1179648K
  class space    used 9433K, committed 9984K, reserved 1048576K
}
Event: 3652.291 GC heap after
{Heap after GC invocations=2590 (full 66):
 PSYoungGen      total 4608K, used 352K [0x00000000eab00000, 0x00000000eb280000, 0x0000000100000000)
  eden space 4096K, 0% used [0x00000000eab00000,0x00000000eab00000,0x00000000eaf00000)
  from space 512K, 68% used [0x00000000eaf80000,0x00000000eafd8020,0x00000000eb000000)
  to   space 512K, 0% used [0x00000000eb200000,0x00000000eb200000,0x00000000eb280000)
 ParOldGen       total 129024K, used 122699K [0x00000000c0000000, 0x00000000c7e00000, 0x00000000eab00000)
  object space 129024K, 95% used [0x00000000c0000000,0x00000000c77d2d40,0x00000000c7e00000)
 Metaspace       used 91682K, committed 92928K, reserved 1179648K
  class space    used 9433K, committed 9984K, reserved 1048576K
}
Event: 3652.306 GC heap before
{Heap before GC invocations=2591 (full 66):
 PSYoungGen      total 4608K, used 4448K [0x00000000eab00000, 0x00000000eb280000, 0x0000000100000000)
  eden space 4096K, 100% used [0x00000000eab00000,0x00000000eaf00000,0x00000000eaf00000)
  from space 512K, 68% used [0x00000000eaf80000,0x00000000eafd8020,0x00000000eb000000)
  to   space 512K, 0% used [0x00000000eb200000,0x00000000eb200000,0x00000000eb280000)
 ParOldGen       total 129024K, used 122699K [0x00000000c0000000, 0x00000000c7e00000, 0x00000000eab00000)
  object space 129024K, 95% used [0x00000000c0000000,0x00000000c77d2d40,0x00000000c7e00000)
 Metaspace       used 91712K, committed 92928K, reserved 1179648K
  class space    used 9436K, committed 9984K, reserved 1048576K
}
Event: 3652.308 GC heap after
{Heap after GC invocations=2591 (full 66):
 PSYoungGen      total 3072K, used 512K [0x00000000eab00000, 0x00000000eb800000, 0x0000000100000000)
  eden space 2560K, 0% used [0x00000000eab00000,0x00000000eab00000,0x00000000ead80000)
  from space 512K, 100% used [0x00000000eb200000,0x00000000eb280000,0x00000000eb280000)
  to   space 4608K, 0% used [0x00000000ead80000,0x00000000ead80000,0x00000000eb200000)
 ParOldGen       total 129024K, used 126150K [0x00000000c0000000, 0x00000000c7e00000, 0x00000000eab00000)
  object space 129024K, 97% used [0x00000000c0000000,0x00000000c7b31ba0,0x00000000c7e00000)
 Metaspace       used 91712K, committed 92928K, reserved 1179648K
  class space    used 9436K, committed 9984K, reserved 1048576K
}
Event: 3652.308 GC heap before
{Heap before GC invocations=2592 (full 67):
 PSYoungGen      total 3072K, used 512K [0x00000000eab00000, 0x00000000eb800000, 0x0000000100000000)
  eden space 2560K, 0% used [0x00000000eab00000,0x00000000eab00000,0x00000000ead80000)
  from space 512K, 100% used [0x00000000eb200000,0x00000000eb280000,0x00000000eb280000)
  to   space 4608K, 0% used [0x00000000ead80000,0x00000000ead80000,0x00000000eb200000)
 ParOldGen       total 129024K, used 126150K [0x00000000c0000000, 0x00000000c7e00000, 0x00000000eab00000)
  object space 129024K, 97% used [0x00000000c0000000,0x00000000c7b31ba0,0x00000000c7e00000)
 Metaspace       used 91712K, committed 92928K, reserved 1179648K
  class space    used 9436K, committed 9984K, reserved 1048576K
}

Dll operation events (12 events):
Event: 0.058 Loaded shared library c:\Users\pablo\.vscode\extensions\redhat.java-1.28.1-win32-x64\jre\17.0.10-win32-x86_64\bin\java.dll
Event: 0.543 Loaded shared library c:\Users\pablo\.vscode\extensions\redhat.java-1.28.1-win32-x64\jre\17.0.10-win32-x86_64\bin\zip.dll
Event: 0.552 Loaded shared library C:\Users\pablo\.vscode\extensions\redhat.java-1.28.1-win32-x64\jre\17.0.10-win32-x86_64\bin\instrument.dll
Event: 0.584 Loaded shared library C:\Users\pablo\.vscode\extensions\redhat.java-1.28.1-win32-x64\jre\17.0.10-win32-x86_64\bin\net.dll
Event: 0.593 Loaded shared library C:\Users\pablo\.vscode\extensions\redhat.java-1.28.1-win32-x64\jre\17.0.10-win32-x86_64\bin\nio.dll
Event: 0.611 Loaded shared library C:\Users\pablo\.vscode\extensions\redhat.java-1.28.1-win32-x64\jre\17.0.10-win32-x86_64\bin\zip.dll
Event: 0.655 Loaded shared library C:\Users\pablo\.vscode\extensions\redhat.java-1.28.1-win32-x64\jre\17.0.10-win32-x86_64\bin\jimage.dll
Event: 0.848 Loaded shared library c:\Users\pablo\.vscode\extensions\redhat.java-1.28.1-win32-x64\jre\17.0.10-win32-x86_64\bin\verify.dll
Event: 9.599 Loaded shared library C:\Users\pablo\AppData\Roaming\Code\User\globalStorage\redhat.java\1.28.1\config_win\org.eclipse.equinox.launcher\org.eclipse.equinox.launcher.win32.win32.x86_64_1.2.900.v20240129-1338\eclipse_11900.dll
Event: 36.195 Loaded shared library C:\Users\pablo\AppData\Local\Temp\jna-106421716\jna7791659707015669598.dll
Event: 39.799 Loaded shared library C:\Users\pablo\.vscode\extensions\redhat.java-1.28.1-win32-x64\jre\17.0.10-win32-x86_64\bin\sunmscapi.dll
Event: 40.138 Loaded shared library C:\Users\pablo\.vscode\extensions\redhat.java-1.28.1-win32-x64\jre\17.0.10-win32-x86_64\bin\extnet.dll

Deoptimization events (20 events):
Event: 3541.141 Thread 0x000001d800601e50 Uncommon trap: trap_request=0xffffff45 fr.pc=0x000001d87022aeec relative=0x000000000000188c
Event: 3541.141 Thread 0x000001d800601e50 Uncommon trap: reason=unstable_if action=reinterpret pc=0x000001d87022aeec method=org.eclipse.jdt.internal.core.index.DiskIndex.mergeCategory([CLorg/eclipse/jdt/internal/core/index/DiskIndex;[ILjava/io/FileOutputStream;)V @ 208 c2
Event: 3541.141 Thread 0x000001d800601e50 DEOPT PACKING pc=0x000001d87022aeec sp=0x0000004455afec10
Event: 3541.141 Thread 0x000001d800601e50 DEOPT UNPACKING pc=0x000001d86f7266a3 sp=0x0000004455afec00 mode 2
Event: 3546.553 Thread 0x000001d800601e50 DEOPT PACKING pc=0x000001d868df8a58 sp=0x0000004455afec90
Event: 3546.553 Thread 0x000001d800601e50 DEOPT UNPACKING pc=0x000001d86f726e43 sp=0x0000004455afe168 mode 0
Event: 3546.643 Thread 0x000001d800601e50 DEOPT PACKING pc=0x000001d868df8a58 sp=0x0000004455afec00
Event: 3546.643 Thread 0x000001d800601e50 DEOPT UNPACKING pc=0x000001d86f726e43 sp=0x0000004455afe0d8 mode 0
Event: 3652.244 Thread 0x000001d800600f20 Uncommon trap: trap_request=0xfffffff4 fr.pc=0x000001d86fdd3a98 relative=0x00000000000005b8
Event: 3652.244 Thread 0x000001d800600f20 Uncommon trap: reason=null_check action=make_not_entrant pc=0x000001d86fdd3a98 method=java.lang.Class.reflectionData()Ljava/lang/Class$ReflectionData; @ 18 c2
Event: 3652.244 Thread 0x000001d800600f20 DEOPT PACKING pc=0x000001d86fdd3a98 sp=0x00000044560fdfa0
Event: 3652.244 Thread 0x000001d800600f20 DEOPT UNPACKING pc=0x000001d86f7266a3 sp=0x00000044560fdee8 mode 2
Event: 3652.290 Thread 0x000001d801c96d40 Uncommon trap: trap_request=0xffffffde fr.pc=0x000001d8708432bc relative=0x000000000000291c
Event: 3652.290 Thread 0x000001d801c96d40 Uncommon trap: reason=class_check action=maybe_recompile pc=0x000001d8708432bc method=org.eclipse.jdt.internal.core.NameLookup.findType(Ljava/lang/String;Ljava/lang/String;ZIZZZLorg/eclipse/core/runtime/IProgressMonitor;[Lorg/eclipse/jdt/core/IPackageFrag
Event: 3652.290 Thread 0x000001d801c96d40 DEOPT PACKING pc=0x000001d8708432bc sp=0x00000044536fe530
Event: 3652.290 Thread 0x000001d801c96d40 DEOPT UNPACKING pc=0x000001d86f7266a3 sp=0x00000044536fe4a8 mode 2
Event: 3652.291 Thread 0x000001d801c96d40 Uncommon trap: trap_request=0xffffff45 fr.pc=0x000001d870a78ebc relative=0x00000000000028bc
Event: 3652.291 Thread 0x000001d801c96d40 Uncommon trap: reason=unstable_if action=reinterpret pc=0x000001d870a78ebc method=lombok.core.configuration.FileSystemSourceCache.cacheClear()V @ 16 c2
Event: 3652.291 Thread 0x000001d801c96d40 DEOPT PACKING pc=0x000001d870a78ebc sp=0x00000044536fdc70
Event: 3652.291 Thread 0x000001d801c96d40 DEOPT UNPACKING pc=0x000001d86f7266a3 sp=0x00000044536fda80 mode 2

Classes unloaded (20 events):
Event: 2390.513 Thread 0x000001d863dd7c00 Unloading class 0x0000000100281400 'java/lang/invoke/LambdaForm$MH+0x0000000100281400'
Event: 2390.513 Thread 0x000001d863dd7c00 Unloading class 0x0000000100281000 'java/lang/invoke/LambdaForm$MH+0x0000000100281000'
Event: 2390.513 Thread 0x000001d863dd7c00 Unloading class 0x0000000100219800 'java/lang/invoke/LambdaForm$MH+0x0000000100219800'
Event: 2390.513 Thread 0x000001d863dd7c00 Unloading class 0x000000010019a000 'java/lang/invoke/LambdaForm$MH+0x000000010019a000'
Event: 2390.513 Thread 0x000001d863dd7c00 Unloading class 0x0000000100199800 'java/lang/invoke/LambdaForm$MH+0x0000000100199800'
Event: 2390.513 Thread 0x000001d863dd7c00 Unloading class 0x0000000100199400 'java/lang/invoke/LambdaForm$MH+0x0000000100199400'
Event: 2390.513 Thread 0x000001d863dd7c00 Unloading class 0x0000000100199000 'java/lang/invoke/LambdaForm$MH+0x0000000100199000'
Event: 2390.513 Thread 0x000001d863dd7c00 Unloading class 0x0000000100198c00 'java/lang/invoke/LambdaForm$MH+0x0000000100198c00'
Event: 2390.513 Thread 0x000001d863dd7c00 Unloading class 0x0000000100198400 'java/lang/invoke/LambdaForm$MH+0x0000000100198400'
Event: 3537.583 Thread 0x000001d863dd7c00 Unloading class 0x0000000100498800 'jdk/internal/reflect/GeneratedMethodAccessor39'
Event: 3537.583 Thread 0x000001d863dd7c00 Unloading class 0x000000010094d400 'jdk/internal/reflect/GeneratedConstructorAccessor72'
Event: 3537.583 Thread 0x000001d863dd7c00 Unloading class 0x000000010094d000 'jdk/internal/reflect/GeneratedConstructorAccessor71'
Event: 3537.583 Thread 0x000001d863dd7c00 Unloading class 0x000000010094cc00 'jdk/internal/reflect/GeneratedConstructorAccessor70'
Event: 3537.583 Thread 0x000001d863dd7c00 Unloading class 0x000000010094c800 'jdk/internal/reflect/GeneratedConstructorAccessor69'
Event: 3537.583 Thread 0x000001d863dd7c00 Unloading class 0x000000010094c400 'jdk/internal/reflect/GeneratedConstructorAccessor68'
Event: 3537.583 Thread 0x000001d863dd7c00 Unloading class 0x000000010094c000 'jdk/internal/reflect/GeneratedConstructorAccessor67'
Event: 3537.583 Thread 0x000001d863dd7c00 Unloading class 0x0000000100775400 'jdk/internal/reflect/GeneratedConstructorAccessor29'
Event: 3537.583 Thread 0x000001d863dd7c00 Unloading class 0x00000001002d8c00 'jdk/internal/reflect/GeneratedSerializationConstructorAccessor3'
Event: 3537.583 Thread 0x000001d863dd7c00 Unloading class 0x00000001002d8800 'jdk/internal/reflect/GeneratedSerializationConstructorAccessor2'
Event: 3537.583 Thread 0x000001d863dd7c00 Unloading class 0x00000001002d8400 'jdk/internal/reflect/GeneratedSerializationConstructorAccessor1'

Classes redefined (0 events):
No events

Internal exceptions (20 events):
Event: 2533.894 Thread 0x000001d801c9aa00 Exception <a 'sun/nio/fs/WindowsException'{0x00000000eab19340}> (0x00000000eab19340) 
thrown [s\src\hotspot\share\prims\jni.cpp, line 516]
Event: 2533.895 Thread 0x000001d801c9aa00 Exception <a 'sun/nio/fs/WindowsException'{0x00000000eab194d8}> (0x00000000eab194d8) 
thrown [s\src\hotspot\share\prims\jni.cpp, line 516]
Event: 2534.107 Thread 0x000001d801c9aa00 Exception <a 'sun/nio/fs/WindowsException'{0x00000000eab2e940}> (0x00000000eab2e940) 
thrown [s\src\hotspot\share\prims\jni.cpp, line 516]
Event: 2534.107 Thread 0x000001d801c9aa00 Exception <a 'sun/nio/fs/WindowsException'{0x00000000eab2f890}> (0x00000000eab2f890) 
thrown [s\src\hotspot\share\prims\jni.cpp, line 516]
Event: 3525.180 Thread 0x000001d800600f20 Exception <a 'java/lang/ClassCastException'{0x00000000eac2be18}> (0x00000000eac2be18) 
thrown [s\src\hotspot\share\runtime\sharedRuntime.cpp, line 631]
Event: 3537.736 Thread 0x000001d801c9a4f0 Exception <a 'java/lang/ClassNotFoundException'{0x00000000eab85fc8}: sun/net/www/protocol/jdt/Handler> (0x00000000eab85fc8) 
thrown [s\src\hotspot\share\classfile\systemDictionary.cpp, line 256]
Event: 3537.736 Thread 0x000001d801c9a4f0 Exception <a 'java/lang/ClassNotFoundException'{0x00000000eab88c88}: sun/net/www/protocol/jdt/Handler> (0x00000000eab88c88) 
thrown [s\src\hotspot\share\classfile\systemDictionary.cpp, line 256]
Event: 3537.736 Thread 0x000001d801c9a4f0 Exception <a 'java/lang/ClassNotFoundException'{0x00000000eab8de68}: sun/net/www/protocol/jdt/Handler> (0x00000000eab8de68) 
thrown [s\src\hotspot\share\classfile\systemDictionary.cpp, line 256]
Event: 3537.737 Thread 0x000001d801c9a4f0 Exception <a 'java/lang/ClassNotFoundException'{0x00000000eab92598}: sun/net/www/protocol/jdt/Handler> (0x00000000eab92598) 
thrown [s\src\hotspot\share\classfile\systemDictionary.cpp, line 256]
Event: 3537.737 Thread 0x000001d801c9a4f0 Exception <a 'java/lang/ClassNotFoundException'{0x00000000eab95020}: sun/net/www/protocol/jdt/Handler> (0x00000000eab95020) 
thrown [s\src\hotspot\share\classfile\systemDictionary.cpp, line 256]
Event: 3537.737 Thread 0x000001d801c9a4f0 Exception <a 'java/lang/ClassNotFoundException'{0x00000000eab97810}: sun/net/www/protocol/jdt/Handler> (0x00000000eab97810) 
thrown [s\src\hotspot\share\classfile\systemDictionary.cpp, line 256]
Event: 3537.737 Thread 0x000001d801c9a4f0 Exception <a 'java/lang/ClassNotFoundException'{0x00000000eab9a028}: sun/net/www/protocol/jdt/Handler> (0x00000000eab9a028) 
thrown [s\src\hotspot\share\classfile\systemDictionary.cpp, line 256]
Event: 3541.010 Thread 0x000001d801c97250 Implicit null exception at 0x000001d870676aaa to 0x000001d8706773ac
Event: 3541.010 Thread 0x000001d801c97250 Implicit null exception at 0x000001d87011c220 to 0x000001d87011ca04
Event: 3541.010 Thread 0x000001d801c97250 Implicit null exception at 0x000001d87068662e to 0x000001d870686b88
Event: 3541.033 Thread 0x000001d800601e50 Exception <a 'sun/nio/fs/WindowsException'{0x00000000eab02398}> (0x00000000eab02398) 
thrown [s\src\hotspot\share\prims\jni.cpp, line 516]
Event: 3541.569 Thread 0x000001d800601e50 Exception <a 'sun/nio/fs/WindowsException'{0x00000000eabda720}> (0x00000000eabda720) 
thrown [s\src\hotspot\share\prims\jni.cpp, line 516]
Event: 3546.581 Thread 0x000001d800601e50 Exception <a 'sun/nio/fs/WindowsException'{0x00000000ead7da90}> (0x00000000ead7da90) 
thrown [s\src\hotspot\share\prims\jni.cpp, line 516]
Event: 3546.814 Thread 0x000001d800601e50 Exception <a 'sun/nio/fs/WindowsException'{0x00000000eae031b0}> (0x00000000eae031b0) 
thrown [s\src\hotspot\share\prims\jni.cpp, line 516]
Event: 3652.244 Thread 0x000001d800600f20 Implicit null exception at 0x000001d86fdd352f to 0x000001d86fdd3a74

VM Operations (20 events):
Event: 3546.682 Executing VM operation: ParallelGCFailedAllocation done
Event: 3546.702 Executing VM operation: ParallelGCFailedAllocation
Event: 3546.704 Executing VM operation: ParallelGCFailedAllocation done
Event: 3546.758 Executing VM operation: ParallelGCFailedAllocation
Event: 3546.759 Executing VM operation: ParallelGCFailedAllocation done
Event: 3547.380 Executing VM operation: ParallelGCFailedAllocation
Event: 3547.383 Executing VM operation: ParallelGCFailedAllocation done
Event: 3548.760 Executing VM operation: HandshakeAllThreads
Event: 3548.760 Executing VM operation: HandshakeAllThreads done
Event: 3552.160 Executing VM operation: ParallelGCFailedAllocation
Event: 3552.163 Executing VM operation: ParallelGCFailedAllocation done
Event: 3639.037 Executing VM operation: ParallelGCFailedAllocation
Event: 3639.039 Executing VM operation: ParallelGCFailedAllocation done
Event: 3639.455 Executing VM operation: ParallelGCFailedAllocation
Event: 3639.456 Executing VM operation: ParallelGCFailedAllocation done
Event: 3652.246 Executing VM operation: ParallelGCFailedAllocation
Event: 3652.246 Executing VM operation: ParallelGCFailedAllocation done
Event: 3652.290 Executing VM operation: ParallelGCFailedAllocation
Event: 3652.291 Executing VM operation: ParallelGCFailedAllocation done
Event: 3652.306 Executing VM operation: ParallelGCFailedAllocation

Events (20 events):
Event: 2954.712 Thread 0x000001d801c99ad0 Thread exited: 0x000001d801c99ad0
Event: 3501.305 Thread 0x000001d801c96d40 Thread added: 0x000001d801c96d40
Event: 3501.329 Thread 0x000001d801c9a4f0 Thread added: 0x000001d801c9a4f0
Event: 3502.663 Thread 0x000001d801c97250 Thread added: 0x000001d801c97250
Event: 3503.621 Thread 0x000001d801c990b0 Thread added: 0x000001d801c990b0
Event: 3503.703 Thread 0x000001d801c99ad0 Thread added: 0x000001d801c99ad0
Event: 3503.709 Thread 0x000001d801c9aa00 Thread added: 0x000001d801c9aa00
Event: 3503.722 Thread 0x000001d801c9af10 Thread added: 0x000001d801c9af10
Event: 3503.725 Thread 0x000001d801c94ee0 Thread added: 0x000001d801c94ee0
Event: 3504.194 Thread 0x000001d815c13a00 Thread added: 0x000001d815c13a00
Event: 3510.085 Thread 0x000001d815c13a00 Thread exited: 0x000001d815c13a00
Event: 3525.255 Thread 0x000001d801c95e10 Thread added: 0x000001d801c95e10
Event: 3537.738 Thread 0x000001d815c179c0 Thread added: 0x000001d815c179c0
Event: 3539.291 Thread 0x000001d815c179c0 Thread exited: 0x000001d815c179c0
Event: 3541.089 Thread 0x000001d801c96320 Thread added: 0x000001d801c96320
Event: 3541.106 Thread 0x000001d801c96320 Thread exited: 0x000001d801c96320
Event: 3546.659 Thread 0x000001d801c96320 Thread added: 0x000001d801c96320
Event: 3546.666 Thread 0x000001d801c96320 Thread exited: 0x000001d801c96320
Event: 3585.275 Thread 0x000001d801c95e10 Thread exited: 0x000001d801c95e10
Event: 3606.818 Thread 0x000001d801c98180 Thread exited: 0x000001d801c98180


Dynamic libraries:
0x00007ff6c1c30000 - 0x00007ff6c1c3e000 	c:\Users\pablo\.vscode\extensions\redhat.java-1.28.1-win32-x64\jre\17.0.10-win32-x86_64\bin\java.exe
0x00007ff9bd6b0000 - 0x00007ff9bd8c7000 	C:\WINDOWS\SYSTEM32\ntdll.dll
0x00007ff9bbfe0000 - 0x00007ff9bc0a4000 	C:\WINDOWS\System32\KERNEL32.DLL
0x00007ff9bae90000 - 0x00007ff9bb236000 	C:\WINDOWS\System32\KERNELBASE.dll
0x00007ff9bad70000 - 0x00007ff9bae81000 	C:\WINDOWS\System32\ucrtbase.dll
0x00007ff981710000 - 0x00007ff981727000 	c:\Users\pablo\.vscode\extensions\redhat.java-1.28.1-win32-x64\jre\17.0.10-win32-x86_64\bin\jli.dll
0x00007ff981200000 - 0x00007ff98121b000 	c:\Users\pablo\.vscode\extensions\redhat.java-1.28.1-win32-x64\jre\17.0.10-win32-x86_64\bin\VCRUNTIME140.dll
0x00007ff9bb410000 - 0x00007ff9bb5be000 	C:\WINDOWS\System32\USER32.dll
0x00007ff9bb2b0000 - 0x00007ff9bb2d6000 	C:\WINDOWS\System32\win32u.dll
0x00007ff9bc4c0000 - 0x00007ff9bc4e9000 	C:\WINDOWS\System32\GDI32.dll
0x00007ff999e60000 - 0x00007ff99a0f3000 	C:\WINDOWS\WinSxS\amd64_microsoft.windows.common-controls_6595b64144ccf1df_6.0.22621.2506_none_270c5ae97388e100\COMCTL32.dll
0x00007ff9ba9f0000 - 0x00007ff9bab08000 	C:\WINDOWS\System32\gdi32full.dll
0x00007ff9bb730000 - 0x00007ff9bb7d7000 	C:\WINDOWS\System32\msvcrt.dll
0x00007ff9bb2e0000 - 0x00007ff9bb37a000 	C:\WINDOWS\System32\msvcp_win.dll
0x00007ff9bb970000 - 0x00007ff9bb9a1000 	C:\WINDOWS\System32\IMM32.DLL
0x00007ff9b1b30000 - 0x00007ff9b1b3c000 	c:\Users\pablo\.vscode\extensions\redhat.java-1.28.1-win32-x64\jre\17.0.10-win32-x86_64\bin\vcruntime140_1.dll
0x00007ff96f7f0000 - 0x00007ff96f87d000 	c:\Users\pablo\.vscode\extensions\redhat.java-1.28.1-win32-x64\jre\17.0.10-win32-x86_64\bin\msvcp140.dll
0x00007ff942ce0000 - 0x00007ff943942000 	c:\Users\pablo\.vscode\extensions\redhat.java-1.28.1-win32-x64\jre\17.0.10-win32-x86_64\bin\server\jvm.dll
0x00007ff9bba60000 - 0x00007ff9bbb13000 	C:\WINDOWS\System32\ADVAPI32.dll
0x00007ff9bbb20000 - 0x00007ff9bbbc8000 	C:\WINDOWS\System32\sechost.dll
0x00007ff9bad40000 - 0x00007ff9bad68000 	C:\WINDOWS\System32\bcrypt.dll
0x00007ff9bb840000 - 0x00007ff9bb957000 	C:\WINDOWS\System32\RPCRT4.dll
0x00007ff9b9840000 - 0x00007ff9b988d000 	C:\WINDOWS\SYSTEM32\POWRPROF.dll
0x00007ff996e20000 - 0x00007ff996e29000 	C:\WINDOWS\SYSTEM32\WSOCK32.dll
0x00007ff9bd0e0000 - 0x00007ff9bd151000 	C:\WINDOWS\System32\WS2_32.dll
0x00007ff9ad700000 - 0x00007ff9ad734000 	C:\WINDOWS\SYSTEM32\WINMM.dll
0x00007ff9aa520000 - 0x00007ff9aa52a000 	C:\WINDOWS\SYSTEM32\VERSION.dll
0x00007ff9b9820000 - 0x00007ff9b9833000 	C:\WINDOWS\SYSTEM32\UMPDC.dll
0x00007ff9b9ae0000 - 0x00007ff9b9af8000 	C:\WINDOWS\SYSTEM32\kernel.appcore.dll
0x00007ff99ad80000 - 0x00007ff99ad8a000 	c:\Users\pablo\.vscode\extensions\redhat.java-1.28.1-win32-x64\jre\17.0.10-win32-x86_64\bin\jimage.dll
0x00007ff9b52f0000 - 0x00007ff9b5523000 	C:\WINDOWS\SYSTEM32\DBGHELP.DLL
0x00007ff9bc4f0000 - 0x00007ff9bc879000 	C:\WINDOWS\System32\combase.dll
0x00007ff9bc1d0000 - 0x00007ff9bc2a7000 	C:\WINDOWS\System32\OLEAUT32.dll
0x00007ff99e540000 - 0x00007ff99e572000 	C:\WINDOWS\SYSTEM32\dbgcore.DLL
0x00007ff9bb380000 - 0x00007ff9bb3fa000 	C:\WINDOWS\System32\bcryptPrimitives.dll
0x00007ff998ab0000 - 0x00007ff998abe000 	c:\Users\pablo\.vscode\extensions\redhat.java-1.28.1-win32-x64\jre\17.0.10-win32-x86_64\bin\instrument.dll
0x00007ff971c50000 - 0x00007ff971c75000 	c:\Users\pablo\.vscode\extensions\redhat.java-1.28.1-win32-x64\jre\17.0.10-win32-x86_64\bin\java.dll
0x00007ff9811e0000 - 0x00007ff9811f8000 	c:\Users\pablo\.vscode\extensions\redhat.java-1.28.1-win32-x64\jre\17.0.10-win32-x86_64\bin\zip.dll
0x00007ff9bc880000 - 0x00007ff9bd0db000 	C:\WINDOWS\System32\SHELL32.dll
0x00007ff9b8910000 - 0x00007ff9b9206000 	C:\WINDOWS\SYSTEM32\windows.storage.dll
0x00007ff9b87d0000 - 0x00007ff9b890e000 	C:\WINDOWS\SYSTEM32\wintypes.dll
0x00007ff9bc0d0000 - 0x00007ff9bc1c3000 	C:\WINDOWS\System32\SHCORE.dll
0x00007ff9bba00000 - 0x00007ff9bba5e000 	C:\WINDOWS\System32\shlwapi.dll
0x00007ff9ba920000 - 0x00007ff9ba946000 	C:\WINDOWS\SYSTEM32\profapi.dll
0x00007ff97fc70000 - 0x00007ff97fc89000 	C:\Users\pablo\.vscode\extensions\redhat.java-1.28.1-win32-x64\jre\17.0.10-win32-x86_64\bin\net.dll
0x00007ff9af0e0000 - 0x00007ff9af217000 	C:\WINDOWS\SYSTEM32\WINHTTP.dll
0x00007ff9b9f60000 - 0x00007ff9b9fc9000 	C:\WINDOWS\system32\mswsock.dll
0x00007ff97bf90000 - 0x00007ff97bfa6000 	C:\Users\pablo\.vscode\extensions\redhat.java-1.28.1-win32-x64\jre\17.0.10-win32-x86_64\bin\nio.dll
0x00007ff9afda0000 - 0x00007ff9afdb0000 	c:\Users\pablo\.vscode\extensions\redhat.java-1.28.1-win32-x64\jre\17.0.10-win32-x86_64\bin\verify.dll
0x00007ff970270000 - 0x00007ff9702ae000 	C:\Users\pablo\AppData\Roaming\Code\User\globalStorage\redhat.java\1.28.1\config_win\org.eclipse.equinox.launcher\org.eclipse.equinox.launcher.win32.win32.x86_64_1.2.900.v20240129-1338\eclipse_11900.dll
0x00007ff9bbe40000 - 0x00007ff9bbfe0000 	C:\WINDOWS\System32\ole32.dll
0x00007ff9ba1b0000 - 0x00007ff9ba1cb000 	C:\WINDOWS\SYSTEM32\CRYPTSP.dll
0x00007ff9b9a40000 - 0x00007ff9b9a75000 	C:\WINDOWS\system32\rsaenh.dll
0x00007ff9ba020000 - 0x00007ff9ba04c000 	C:\WINDOWS\SYSTEM32\USERENV.dll
0x00007ff9ba1a0000 - 0x00007ff9ba1ac000 	C:\WINDOWS\SYSTEM32\CRYPTBASE.dll
0x00007ff9b94e0000 - 0x00007ff9b950d000 	C:\WINDOWS\SYSTEM32\IPHLPAPI.DLL
0x00007ff9bb5c0000 - 0x00007ff9bb5c9000 	C:\WINDOWS\System32\NSI.dll
0x00007ff9af030000 - 0x00007ff9af049000 	C:\WINDOWS\SYSTEM32\dhcpcsvc6.DLL
0x00007ff9aed80000 - 0x00007ff9aed9f000 	C:\WINDOWS\SYSTEM32\dhcpcsvc.DLL
0x00007ff9b9550000 - 0x00007ff9b9649000 	C:\WINDOWS\SYSTEM32\DNSAPI.dll
0x00007ff96bc70000 - 0x00007ff96bcb5000 	C:\Users\pablo\AppData\Local\Temp\jna-106421716\jna7791659707015669598.dll
0x00007ff9bd5e0000 - 0x00007ff9bd5e8000 	C:\WINDOWS\System32\PSAPI.DLL
0x00007ff98cd80000 - 0x00007ff98cd8e000 	C:\Users\pablo\.vscode\extensions\redhat.java-1.28.1-win32-x64\jre\17.0.10-win32-x86_64\bin\sunmscapi.dll
0x00007ff9bab10000 - 0x00007ff9bac76000 	C:\WINDOWS\System32\CRYPT32.dll
0x00007ff9ba390000 - 0x00007ff9ba3be000 	C:\WINDOWS\SYSTEM32\ncrypt.dll
0x00007ff9ba350000 - 0x00007ff9ba387000 	C:\WINDOWS\SYSTEM32\NTASN1.dll
0x00007ff9aa560000 - 0x00007ff9aa56a000 	C:\Windows\System32\rasadhlp.dll
0x00007ff9ad280000 - 0x00007ff9ad303000 	C:\WINDOWS\System32\fwpuclnt.dll
0x00007ff988e90000 - 0x00007ff988e99000 	C:\Users\pablo\.vscode\extensions\redhat.java-1.28.1-win32-x64\jre\17.0.10-win32-x86_64\bin\extnet.dll

dbghelp: loaded successfully - version: 4.0.5 - missing functions: none
symbol engine: initialized successfully - sym options: 0x614 - pdb path: .;c:\Users\pablo\.vscode\extensions\redhat.java-1.28.1-win32-x64\jre\17.0.10-win32-x86_64\bin;C:\WINDOWS\SYSTEM32;C:\WINDOWS\WinSxS\amd64_microsoft.windows.common-controls_6595b64144ccf1df_6.0.22621.2506_none_270c5ae97388e100;c:\Users\pablo\.vscode\extensions\redhat.java-1.28.1-win32-x64\jre\17.0.10-win32-x86_64\bin\server;C:\Users\pablo\AppData\Roaming\Code\User\globalStorage\redhat.java\1.28.1\config_win\org.eclipse.equinox.launcher\org.eclipse.equinox.launcher.win32.win32.x86_64_1.2.900.v20240129-1338;C:\Users\pablo\AppData\Local\Temp\jna-106421716

VM Arguments:
jvm_args: --add-modules=ALL-SYSTEM --add-opens=java.base/java.util=ALL-UNNAMED --add-opens=java.base/java.lang=ALL-UNNAMED --add-opens=java.base/sun.nio.fs=ALL-UNNAMED -Declipse.application=org.eclipse.jdt.ls.core.id1 -Dosgi.bundles.defaultStartLevel=4 -Declipse.product=org.eclipse.jdt.ls.core.product -Djava.import.generatesMetadataFilesAtProjectRoot=false -DDetectVMInstallationsJob.disabled=true -Dfile.encoding=utf8 -XX:+UseParallelGC -XX:GCTimeRatio=4 -XX:AdaptiveSizePolicyWeight=90 -Dsun.zip.disableMemoryMapping=true -Xmx1G -Xms100m -Xlog:disable -javaagent:c:\Users\pablo\.vscode\extensions\redhat.java-1.28.1-win32-x64\lombok\lombok-1.18.31.jar -XX:+HeapDumpOnOutOfMemoryError -XX:HeapDumpPath=c:\Users\pablo\AppData\Roaming\Code\User\workspaceStorage\571fdb9f72f10f2638a3edc876a88b4f\redhat.java -Daether.dependencyCollector.impl=bf 
java_command: c:\Users\pablo\.vscode\extensions\redhat.java-1.28.1-win32-x64\server\plugins\org.eclipse.equinox.launcher_1.6.700.v20231214-2017.jar -configuration c:\Users\pablo\AppData\Roaming\Code\User\globalStorage\redhat.java\1.28.1\config_win -data c:\Users\pablo\AppData\Roaming\Code\User\workspaceStorage\571fdb9f72f10f2638a3edc876a88b4f\redhat.java\jdt_ws --stdio
java_class_path (initial): c:\Users\pablo\.vscode\extensions\redhat.java-1.28.1-win32-x64\server\plugins\org.eclipse.equinox.launcher_1.6.700.v20231214-2017.jar
Launcher Type: SUN_STANDARD

[Global flags]
    uintx AdaptiveSizePolicyWeight                 = 90                                        {product} {command line}
     intx CICompilerCount                          = 4                                         {product} {ergonomic}
    uintx GCTimeRatio                              = 4                                         {product} {command line}
     bool HeapDumpOnOutOfMemoryError               = true                                   {manageable} {command line}
    ccstr HeapDumpPath                             = c:\Users\pablo\AppData\Roaming\Code\User\workspaceStorage\571fdb9f72f10f2638a3edc876a88b4f\redhat.java         {manageable} {command line}
   size_t InitialHeapSize                          = 104857600                                 {product} {command line}
   size_t MaxHeapSize                              = 1073741824                                {product} {command line}
   size_t MaxNewSize                               = 357564416                                 {product} {ergonomic}
   size_t MinHeapDeltaBytes                        = 524288                                    {product} {ergonomic}
   size_t MinHeapSize                              = 104857600                                 {product} {command line}
   size_t NewSize                                  = 34603008                                  {product} {ergonomic}
    uintx NonNMethodCodeHeapSize                   = 5839372                                {pd product} {ergonomic}
    uintx NonProfiledCodeHeapSize                  = 122909434                              {pd product} {ergonomic}
   size_t OldSize                                  = 70254592                                  {product} {ergonomic}
    uintx ProfiledCodeHeapSize                     = 122909434                              {pd product} {ergonomic}
    uintx ReservedCodeCacheSize                    = 251658240                              {pd product} {ergonomic}
     bool SegmentedCodeCache                       = true                                      {product} {ergonomic}
   size_t SoftMaxHeapSize                          = 1073741824                             {manageable} {ergonomic}
     bool UseCompressedClassPointers               = true                           {product lp64_product} {ergonomic}
     bool UseCompressedOops                        = true                           {product lp64_product} {ergonomic}
     bool UseLargePagesIndividualAllocation        = false                                  {pd product} {ergonomic}
     bool UseParallelGC                            = true                                      {product} {command line}

Logging:
Log output configuration:
 #0: stdout all=off uptime,level,tags
 #1: stderr all=off uptime,level,tags

Environment Variables:
JAVA_HOME=C:\Users\pablo\Desktop\jdk-11.0.2\
PATH=D:\Scripts\;D:\;C:\Program Files\Eclipse Adoptium\jdk-21.0.1.12-hotspot\bin;C:\Users\pablo\Desktop\jdk-11.0.2\bin;C:\Program Files\Git\cmd;D:\7\;C:\Program Files\AutoFirma\AutoFirma;D:\Git\cmd;C:\Program Files\nodejs\;C:\Program Files\dotnet\;%SystemRoot%\system32;%SystemRoot%;%SystemRoot%\System32\Wbem;%SYSTEMROOT%\System32\WindowsPowerShell\v1.0\;%SYSTEMROOT%\System32\OpenSSH\;C:\Users\pablo\Desktop\jdk-11.0.2\bin;D:\Microsoft VS Code\bin;C:\Program Files\MongoDB\Server\5.0\bin;C:\Users\pablo\AppData\Roaming\npm;C:\Windows\System32;C:\Users\pablo\AppData\Local\Microsoft\WindowsApps;C:\Users\pablo\AppData\Local\Programs\oh-my-posh\bin;C:\Users\pablo\AppData\Local\GitHubDesktop\bin;C:\Users\pablo\AppData\Local\Microsoft\WindowsApps;
USERNAME=pablo
OS=Windows_NT
PROCESSOR_IDENTIFIER=Intel64 Family 6 Model 142 Stepping 10, GenuineIntel
TMP=C:\Users\pablo\AppData\Local\Temp
TEMP=C:\Users\pablo\AppData\Local\Temp



Periodic native trim disabled


---------------  S Y S T E M  ---------------

OS:
 Windows 11 , 64 bit Build 22621 (10.0.22621.3085)
OS uptime: 1 days 10:21 hours
Hyper-V role detected

CPU: total 8 (initial active 8) (4 cores per cpu, 2 threads per core) family 6 model 142 stepping 10 microcode 0xe0, cx8, cmov, fxsr, ht, mmx, 3dnowpref, sse, sse2, sse3, ssse3, sse4.1, sse4.2, popcnt, lzcnt, tsc, tscinvbit, avx, avx2, aes, erms, clmul, bmi1, bmi2, adx, fma, vzeroupper, clflush, clflushopt, hv
Processor Information for all 8 processors :
  Max Mhz: 1992, Current Mhz: 1792, Mhz Limit: 1792

Memory: 4k page, system-wide physical 16264M (5118M free)
TotalPageFile size 30088M (AvailPageFile size 12905M)
current process WorkingSet (physical memory assigned to process): 396M, peak: 423M
current process commit charge ("private bytes"): 438M, peak: 450M

vm_info: OpenJDK 64-Bit Server VM (17.0.10+7) for windows-amd64 JRE (17.0.10+7), built on Jan 16 2024 23:25:11 by "admin" with MS VC++ 16.10 / 16.11 (VS2019)

END.
